<?xml version="1.0" encoding="UTF-8"?>
<testsuite xmlns:xsi="http://www.w3.org/2001/XMLSchema-instance" xsi:noNamespaceSchemaLocation="https://maven.apache.org/surefire/maven-surefire-plugin/xsd/surefire-test-report.xsd" name="UserDaoTest" time="4.855" tests="2" errors="0" skipped="0" failures="0">
  <properties>
    <property name="gopherProxySet" value="false"/>
    <property name="awt.toolkit" value="sun.lwawt.macosx.LWCToolkit"/>
    <property name="file.encoding.pkg" value="sun.io"/>
    <property name="java.specification.version" value="1.8"/>
    <property name="sun.cpu.isalist" value=""/>
    <property name="sun.jnu.encoding" value="UTF-8"/>
    <property name="java.class.path" value="/Users/momoubin/code/tracffic-control/target/test-classes:/Users/momoubin/code/tracffic-control/target/classes:/Users/momoubin/.m2/repository/org/springframework/boot/spring-boot-starter-web/2.3.11.RELEASE/spring-boot-starter-web-2.3.11.RELEASE.jar:/Users/momoubin/.m2/repository/org/springframework/boot/spring-boot-starter/2.3.11.RELEASE/spring-boot-starter-2.3.11.RELEASE.jar:/Users/momoubin/.m2/repository/org/springframework/boot/spring-boot/2.3.11.RELEASE/spring-boot-2.3.11.RELEASE.jar:/Users/momoubin/.m2/repository/org/springframework/boot/spring-boot-autoconfigure/2.3.11.RELEASE/spring-boot-autoconfigure-2.3.11.RELEASE.jar:/Users/momoubin/.m2/repository/org/springframework/boot/spring-boot-starter-logging/2.3.11.RELEASE/spring-boot-starter-logging-2.3.11.RELEASE.jar:/Users/momoubin/.m2/repository/ch/qos/logback/logback-classic/1.2.3/logback-classic-1.2.3.jar:/Users/momoubin/.m2/repository/ch/qos/logback/logback-core/1.2.3/logback-core-1.2.3.jar:/Users/momoubin/.m2/repository/org/apache/logging/log4j/log4j-to-slf4j/2.13.3/log4j-to-slf4j-2.13.3.jar:/Users/momoubin/.m2/repository/org/apache/logging/log4j/log4j-api/2.13.3/log4j-api-2.13.3.jar:/Users/momoubin/.m2/repository/org/slf4j/jul-to-slf4j/1.7.30/jul-to-slf4j-1.7.30.jar:/Users/momoubin/.m2/repository/jakarta/annotation/jakarta.annotation-api/1.3.5/jakarta.annotation-api-1.3.5.jar:/Users/momoubin/.m2/repository/org/yaml/snakeyaml/1.26/snakeyaml-1.26.jar:/Users/momoubin/.m2/repository/org/springframework/boot/spring-boot-starter-json/2.3.11.RELEASE/spring-boot-starter-json-2.3.11.RELEASE.jar:/Users/momoubin/.m2/repository/com/fasterxml/jackson/core/jackson-databind/2.11.4/jackson-databind-2.11.4.jar:/Users/momoubin/.m2/repository/com/fasterxml/jackson/core/jackson-annotations/2.11.4/jackson-annotations-2.11.4.jar:/Users/momoubin/.m2/repository/com/fasterxml/jackson/core/jackson-core/2.11.4/jackson-core-2.11.4.jar:/Users/momoubin/.m2/repository/com/fasterxml/jackson/datatype/jackson-datatype-jdk8/2.11.4/jackson-datatype-jdk8-2.11.4.jar:/Users/momoubin/.m2/repository/com/fasterxml/jackson/datatype/jackson-datatype-jsr310/2.11.4/jackson-datatype-jsr310-2.11.4.jar:/Users/momoubin/.m2/repository/com/fasterxml/jackson/module/jackson-module-parameter-names/2.11.4/jackson-module-parameter-names-2.11.4.jar:/Users/momoubin/.m2/repository/org/springframework/boot/spring-boot-starter-tomcat/2.3.11.RELEASE/spring-boot-starter-tomcat-2.3.11.RELEASE.jar:/Users/momoubin/.m2/repository/org/apache/tomcat/embed/tomcat-embed-core/9.0.46/tomcat-embed-core-9.0.46.jar:/Users/momoubin/.m2/repository/org/glassfish/jakarta.el/3.0.3/jakarta.el-3.0.3.jar:/Users/momoubin/.m2/repository/org/apache/tomcat/embed/tomcat-embed-websocket/9.0.46/tomcat-embed-websocket-9.0.46.jar:/Users/momoubin/.m2/repository/org/springframework/spring-web/5.2.15.RELEASE/spring-web-5.2.15.RELEASE.jar:/Users/momoubin/.m2/repository/org/springframework/spring-beans/5.2.15.RELEASE/spring-beans-5.2.15.RELEASE.jar:/Users/momoubin/.m2/repository/org/springframework/spring-webmvc/5.2.15.RELEASE/spring-webmvc-5.2.15.RELEASE.jar:/Users/momoubin/.m2/repository/org/springframework/spring-aop/5.2.15.RELEASE/spring-aop-5.2.15.RELEASE.jar:/Users/momoubin/.m2/repository/org/springframework/spring-context/5.2.15.RELEASE/spring-context-5.2.15.RELEASE.jar:/Users/momoubin/.m2/repository/org/springframework/spring-expression/5.2.15.RELEASE/spring-expression-5.2.15.RELEASE.jar:/Users/momoubin/.m2/repository/org/springframework/boot/spring-boot-starter-test/2.3.11.RELEASE/spring-boot-starter-test-2.3.11.RELEASE.jar:/Users/momoubin/.m2/repository/org/springframework/boot/spring-boot-test/2.3.11.RELEASE/spring-boot-test-2.3.11.RELEASE.jar:/Users/momoubin/.m2/repository/org/springframework/boot/spring-boot-test-autoconfigure/2.3.11.RELEASE/spring-boot-test-autoconfigure-2.3.11.RELEASE.jar:/Users/momoubin/.m2/repository/com/jayway/jsonpath/json-path/2.4.0/json-path-2.4.0.jar:/Users/momoubin/.m2/repository/net/minidev/json-smart/2.3.1/json-smart-2.3.1.jar:/Users/momoubin/.m2/repository/net/minidev/accessors-smart/2.3.1/accessors-smart-2.3.1.jar:/Users/momoubin/.m2/repository/org/ow2/asm/asm/5.0.4/asm-5.0.4.jar:/Users/momoubin/.m2/repository/org/slf4j/slf4j-api/1.7.30/slf4j-api-1.7.30.jar:/Users/momoubin/.m2/repository/jakarta/xml/bind/jakarta.xml.bind-api/2.3.3/jakarta.xml.bind-api-2.3.3.jar:/Users/momoubin/.m2/repository/jakarta/activation/jakarta.activation-api/1.2.2/jakarta.activation-api-1.2.2.jar:/Users/momoubin/.m2/repository/org/assertj/assertj-core/3.16.1/assertj-core-3.16.1.jar:/Users/momoubin/.m2/repository/org/hamcrest/hamcrest/2.2/hamcrest-2.2.jar:/Users/momoubin/.m2/repository/org/junit/jupiter/junit-jupiter/5.6.3/junit-jupiter-5.6.3.jar:/Users/momoubin/.m2/repository/org/junit/jupiter/junit-jupiter-api/5.6.3/junit-jupiter-api-5.6.3.jar:/Users/momoubin/.m2/repository/org/opentest4j/opentest4j/1.2.0/opentest4j-1.2.0.jar:/Users/momoubin/.m2/repository/org/junit/platform/junit-platform-commons/1.6.3/junit-platform-commons-1.6.3.jar:/Users/momoubin/.m2/repository/org/junit/jupiter/junit-jupiter-params/5.6.3/junit-jupiter-params-5.6.3.jar:/Users/momoubin/.m2/repository/org/junit/jupiter/junit-jupiter-engine/5.6.3/junit-jupiter-engine-5.6.3.jar:/Users/momoubin/.m2/repository/org/junit/vintage/junit-vintage-engine/5.6.3/junit-vintage-engine-5.6.3.jar:/Users/momoubin/.m2/repository/org/apiguardian/apiguardian-api/1.1.0/apiguardian-api-1.1.0.jar:/Users/momoubin/.m2/repository/org/junit/platform/junit-platform-engine/1.6.3/junit-platform-engine-1.6.3.jar:/Users/momoubin/.m2/repository/junit/junit/4.13.2/junit-4.13.2.jar:/Users/momoubin/.m2/repository/org/mockito/mockito-core/3.3.3/mockito-core-3.3.3.jar:/Users/momoubin/.m2/repository/net/bytebuddy/byte-buddy/1.10.22/byte-buddy-1.10.22.jar:/Users/momoubin/.m2/repository/net/bytebuddy/byte-buddy-agent/1.10.22/byte-buddy-agent-1.10.22.jar:/Users/momoubin/.m2/repository/org/objenesis/objenesis/2.6/objenesis-2.6.jar:/Users/momoubin/.m2/repository/org/mockito/mockito-junit-jupiter/3.3.3/mockito-junit-jupiter-3.3.3.jar:/Users/momoubin/.m2/repository/org/skyscreamer/jsonassert/1.5.0/jsonassert-1.5.0.jar:/Users/momoubin/.m2/repository/com/vaadin/external/google/android-json/0.0.20131108.vaadin1/android-json-0.0.20131108.vaadin1.jar:/Users/momoubin/.m2/repository/org/springframework/spring-core/5.2.15.RELEASE/spring-core-5.2.15.RELEASE.jar:/Users/momoubin/.m2/repository/org/springframework/spring-jcl/5.2.15.RELEASE/spring-jcl-5.2.15.RELEASE.jar:/Users/momoubin/.m2/repository/org/springframework/spring-test/5.2.15.RELEASE/spring-test-5.2.15.RELEASE.jar:/Users/momoubin/.m2/repository/org/xmlunit/xmlunit-core/2.7.0/xmlunit-core-2.7.0.jar:/Users/momoubin/.m2/repository/com/alibaba/cloud/spring-cloud-starter-alibaba-sentinel/2.1.0.RELEASE/spring-cloud-starter-alibaba-sentinel-2.1.0.RELEASE.jar:/Users/momoubin/.m2/repository/com/alibaba/cloud/spring-cloud-alibaba-sentinel/2.1.0.RELEASE/spring-cloud-alibaba-sentinel-2.1.0.RELEASE.jar:/Users/momoubin/.m2/repository/com/alibaba/csp/sentinel-transport-simple-http/1.6.3/sentinel-transport-simple-http-1.6.3.jar:/Users/momoubin/.m2/repository/com/alibaba/csp/sentinel-transport-common/1.6.3/sentinel-transport-common-1.6.3.jar:/Users/momoubin/.m2/repository/com/alibaba/csp/sentinel-datasource-extension/1.6.3/sentinel-datasource-extension-1.6.3.jar:/Users/momoubin/.m2/repository/com/alibaba/fastjson/1.2.56/fastjson-1.2.56.jar:/Users/momoubin/.m2/repository/com/alibaba/csp/sentinel-annotation-aspectj/1.6.3/sentinel-annotation-aspectj-1.6.3.jar:/Users/momoubin/.m2/repository/com/alibaba/csp/sentinel-core/1.6.3/sentinel-core-1.6.3.jar:/Users/momoubin/.m2/repository/org/aspectj/aspectjrt/1.9.6/aspectjrt-1.9.6.jar:/Users/momoubin/.m2/repository/com/alibaba/csp/sentinel-web-servlet/1.6.3/sentinel-web-servlet-1.6.3.jar:/Users/momoubin/.m2/repository/com/alibaba/csp/sentinel-spring-webflux-adapter/1.6.3/sentinel-spring-webflux-adapter-1.6.3.jar:/Users/momoubin/.m2/repository/com/alibaba/csp/sentinel-reactor-adapter/1.6.3/sentinel-reactor-adapter-1.6.3.jar:/Users/momoubin/.m2/repository/com/alibaba/csp/sentinel-parameter-flow-control/1.6.3/sentinel-parameter-flow-control-1.6.3.jar:/Users/momoubin/.m2/repository/com/googlecode/concurrentlinkedhashmap/concurrentlinkedhashmap-lru/1.4.2/concurrentlinkedhashmap-lru-1.4.2.jar:/Users/momoubin/.m2/repository/com/alibaba/csp/sentinel-cluster-server-default/1.6.3/sentinel-cluster-server-default-1.6.3.jar:/Users/momoubin/.m2/repository/com/alibaba/csp/sentinel-cluster-common-default/1.6.3/sentinel-cluster-common-default-1.6.3.jar:/Users/momoubin/.m2/repository/io/netty/netty-handler/4.1.65.Final/netty-handler-4.1.65.Final.jar:/Users/momoubin/.m2/repository/io/netty/netty-common/4.1.65.Final/netty-common-4.1.65.Final.jar:/Users/momoubin/.m2/repository/io/netty/netty-resolver/4.1.65.Final/netty-resolver-4.1.65.Final.jar:/Users/momoubin/.m2/repository/io/netty/netty-buffer/4.1.65.Final/netty-buffer-4.1.65.Final.jar:/Users/momoubin/.m2/repository/io/netty/netty-transport/4.1.65.Final/netty-transport-4.1.65.Final.jar:/Users/momoubin/.m2/repository/io/netty/netty-codec/4.1.65.Final/netty-codec-4.1.65.Final.jar:/Users/momoubin/.m2/repository/com/alibaba/csp/sentinel-cluster-client-default/1.6.3/sentinel-cluster-client-default-1.6.3.jar:/Users/momoubin/.m2/repository/com/alibaba/cloud/spring-cloud-alibaba-sentinel-datasource/2.1.0.RELEASE/spring-cloud-alibaba-sentinel-datasource-2.1.0.RELEASE.jar:/Users/momoubin/.m2/repository/net/bull/javamelody/javamelody-spring-boot-starter/1.88.0/javamelody-spring-boot-starter-1.88.0.jar:/Users/momoubin/.m2/repository/net/bull/javamelody/javamelody-core/1.88.0/javamelody-core-1.88.0.jar:/Users/momoubin/.m2/repository/org/jrobin/jrobin/1.5.9/jrobin-1.5.9.jar:/Users/momoubin/.m2/repository/org/springframework/boot/spring-boot-starter-aop/2.3.11.RELEASE/spring-boot-starter-aop-2.3.11.RELEASE.jar:/Users/momoubin/.m2/repository/org/aspectj/aspectjweaver/1.9.6/aspectjweaver-1.9.6.jar:/Users/momoubin/.m2/repository/org/projectlombok/lombok/1.18.20/lombok-1.18.20.jar:/Users/momoubin/.m2/repository/com/google/guava/guava/20.0/guava-20.0.jar:/Users/momoubin/.m2/repository/org/mybatis/mybatis/3.5.4/mybatis-3.5.4.jar:/Users/momoubin/.m2/repository/org/mybatis/spring/boot/mybatis-spring-boot-starter/2.1.2/mybatis-spring-boot-starter-2.1.2.jar:/Users/momoubin/.m2/repository/org/springframework/boot/spring-boot-starter-jdbc/2.3.11.RELEASE/spring-boot-starter-jdbc-2.3.11.RELEASE.jar:/Users/momoubin/.m2/repository/com/zaxxer/HikariCP/3.4.5/HikariCP-3.4.5.jar:/Users/momoubin/.m2/repository/org/springframework/spring-jdbc/5.2.15.RELEASE/spring-jdbc-5.2.15.RELEASE.jar:/Users/momoubin/.m2/repository/org/springframework/spring-tx/5.2.15.RELEASE/spring-tx-5.2.15.RELEASE.jar:/Users/momoubin/.m2/repository/org/mybatis/spring/boot/mybatis-spring-boot-autoconfigure/2.1.2/mybatis-spring-boot-autoconfigure-2.1.2.jar:/Users/momoubin/.m2/repository/org/mybatis/mybatis-spring/2.0.4/mybatis-spring-2.0.4.jar:/Users/momoubin/.m2/repository/mysql/mysql-connector-java/8.0.23/mysql-connector-java-8.0.23.jar:/Users/momoubin/.m2/repository/com/mchange/c3p0/0.9.5.5/c3p0-0.9.5.5.jar:/Users/momoubin/.m2/repository/com/mchange/mchange-commons-java/0.2.19/mchange-commons-java-0.2.19.jar:/Users/momoubin/.m2/repository/com/github/pagehelper/pagehelper/4.0.3/pagehelper-4.0.3.jar:/Users/momoubin/.m2/repository/com/github/jsqlparser/jsqlparser/0.9.1/jsqlparser-0.9.1.jar:"/>
    <property name="java.vm.vendor" value="Oracle Corporation"/>
    <property name="sun.arch.data.model" value="64"/>
    <property name="java.vendor.url" value="http://java.oracle.com/"/>
    <property name="user.timezone" value=""/>
    <property name="java.vm.specification.version" value="1.8"/>
    <property name="os.name" value="Mac OS X"/>
    <property name="user.country" value="CN"/>
    <property name="sun.java.launcher" value="SUN_STANDARD"/>
    <property name="sun.boot.library.path" value="/Library/Java/JavaVirtualMachines/jdk1.8.0_333.jdk/Contents/Home/jre/lib"/>
    <property name="sun.java.command" value="/Users/momoubin/code/tracffic-control/target/surefire/surefirebooter1221496499562328446.jar /Users/momoubin/code/tracffic-control/target/surefire 2022-06-14T14-56-26_863-jvmRun1 surefire1161640230551282994tmp surefire_07922339220701141209tmp"/>
    <property name="surefire.test.class.path" value="/Users/momoubin/code/tracffic-control/target/test-classes:/Users/momoubin/code/tracffic-control/target/classes:/Users/momoubin/.m2/repository/org/springframework/boot/spring-boot-starter-web/2.3.11.RELEASE/spring-boot-starter-web-2.3.11.RELEASE.jar:/Users/momoubin/.m2/repository/org/springframework/boot/spring-boot-starter/2.3.11.RELEASE/spring-boot-starter-2.3.11.RELEASE.jar:/Users/momoubin/.m2/repository/org/springframework/boot/spring-boot/2.3.11.RELEASE/spring-boot-2.3.11.RELEASE.jar:/Users/momoubin/.m2/repository/org/springframework/boot/spring-boot-autoconfigure/2.3.11.RELEASE/spring-boot-autoconfigure-2.3.11.RELEASE.jar:/Users/momoubin/.m2/repository/org/springframework/boot/spring-boot-starter-logging/2.3.11.RELEASE/spring-boot-starter-logging-2.3.11.RELEASE.jar:/Users/momoubin/.m2/repository/ch/qos/logback/logback-classic/1.2.3/logback-classic-1.2.3.jar:/Users/momoubin/.m2/repository/ch/qos/logback/logback-core/1.2.3/logback-core-1.2.3.jar:/Users/momoubin/.m2/repository/org/apache/logging/log4j/log4j-to-slf4j/2.13.3/log4j-to-slf4j-2.13.3.jar:/Users/momoubin/.m2/repository/org/apache/logging/log4j/log4j-api/2.13.3/log4j-api-2.13.3.jar:/Users/momoubin/.m2/repository/org/slf4j/jul-to-slf4j/1.7.30/jul-to-slf4j-1.7.30.jar:/Users/momoubin/.m2/repository/jakarta/annotation/jakarta.annotation-api/1.3.5/jakarta.annotation-api-1.3.5.jar:/Users/momoubin/.m2/repository/org/yaml/snakeyaml/1.26/snakeyaml-1.26.jar:/Users/momoubin/.m2/repository/org/springframework/boot/spring-boot-starter-json/2.3.11.RELEASE/spring-boot-starter-json-2.3.11.RELEASE.jar:/Users/momoubin/.m2/repository/com/fasterxml/jackson/core/jackson-databind/2.11.4/jackson-databind-2.11.4.jar:/Users/momoubin/.m2/repository/com/fasterxml/jackson/core/jackson-annotations/2.11.4/jackson-annotations-2.11.4.jar:/Users/momoubin/.m2/repository/com/fasterxml/jackson/core/jackson-core/2.11.4/jackson-core-2.11.4.jar:/Users/momoubin/.m2/repository/com/fasterxml/jackson/datatype/jackson-datatype-jdk8/2.11.4/jackson-datatype-jdk8-2.11.4.jar:/Users/momoubin/.m2/repository/com/fasterxml/jackson/datatype/jackson-datatype-jsr310/2.11.4/jackson-datatype-jsr310-2.11.4.jar:/Users/momoubin/.m2/repository/com/fasterxml/jackson/module/jackson-module-parameter-names/2.11.4/jackson-module-parameter-names-2.11.4.jar:/Users/momoubin/.m2/repository/org/springframework/boot/spring-boot-starter-tomcat/2.3.11.RELEASE/spring-boot-starter-tomcat-2.3.11.RELEASE.jar:/Users/momoubin/.m2/repository/org/apache/tomcat/embed/tomcat-embed-core/9.0.46/tomcat-embed-core-9.0.46.jar:/Users/momoubin/.m2/repository/org/glassfish/jakarta.el/3.0.3/jakarta.el-3.0.3.jar:/Users/momoubin/.m2/repository/org/apache/tomcat/embed/tomcat-embed-websocket/9.0.46/tomcat-embed-websocket-9.0.46.jar:/Users/momoubin/.m2/repository/org/springframework/spring-web/5.2.15.RELEASE/spring-web-5.2.15.RELEASE.jar:/Users/momoubin/.m2/repository/org/springframework/spring-beans/5.2.15.RELEASE/spring-beans-5.2.15.RELEASE.jar:/Users/momoubin/.m2/repository/org/springframework/spring-webmvc/5.2.15.RELEASE/spring-webmvc-5.2.15.RELEASE.jar:/Users/momoubin/.m2/repository/org/springframework/spring-aop/5.2.15.RELEASE/spring-aop-5.2.15.RELEASE.jar:/Users/momoubin/.m2/repository/org/springframework/spring-context/5.2.15.RELEASE/spring-context-5.2.15.RELEASE.jar:/Users/momoubin/.m2/repository/org/springframework/spring-expression/5.2.15.RELEASE/spring-expression-5.2.15.RELEASE.jar:/Users/momoubin/.m2/repository/org/springframework/boot/spring-boot-starter-test/2.3.11.RELEASE/spring-boot-starter-test-2.3.11.RELEASE.jar:/Users/momoubin/.m2/repository/org/springframework/boot/spring-boot-test/2.3.11.RELEASE/spring-boot-test-2.3.11.RELEASE.jar:/Users/momoubin/.m2/repository/org/springframework/boot/spring-boot-test-autoconfigure/2.3.11.RELEASE/spring-boot-test-autoconfigure-2.3.11.RELEASE.jar:/Users/momoubin/.m2/repository/com/jayway/jsonpath/json-path/2.4.0/json-path-2.4.0.jar:/Users/momoubin/.m2/repository/net/minidev/json-smart/2.3.1/json-smart-2.3.1.jar:/Users/momoubin/.m2/repository/net/minidev/accessors-smart/2.3.1/accessors-smart-2.3.1.jar:/Users/momoubin/.m2/repository/org/ow2/asm/asm/5.0.4/asm-5.0.4.jar:/Users/momoubin/.m2/repository/org/slf4j/slf4j-api/1.7.30/slf4j-api-1.7.30.jar:/Users/momoubin/.m2/repository/jakarta/xml/bind/jakarta.xml.bind-api/2.3.3/jakarta.xml.bind-api-2.3.3.jar:/Users/momoubin/.m2/repository/jakarta/activation/jakarta.activation-api/1.2.2/jakarta.activation-api-1.2.2.jar:/Users/momoubin/.m2/repository/org/assertj/assertj-core/3.16.1/assertj-core-3.16.1.jar:/Users/momoubin/.m2/repository/org/hamcrest/hamcrest/2.2/hamcrest-2.2.jar:/Users/momoubin/.m2/repository/org/junit/jupiter/junit-jupiter/5.6.3/junit-jupiter-5.6.3.jar:/Users/momoubin/.m2/repository/org/junit/jupiter/junit-jupiter-api/5.6.3/junit-jupiter-api-5.6.3.jar:/Users/momoubin/.m2/repository/org/opentest4j/opentest4j/1.2.0/opentest4j-1.2.0.jar:/Users/momoubin/.m2/repository/org/junit/platform/junit-platform-commons/1.6.3/junit-platform-commons-1.6.3.jar:/Users/momoubin/.m2/repository/org/junit/jupiter/junit-jupiter-params/5.6.3/junit-jupiter-params-5.6.3.jar:/Users/momoubin/.m2/repository/org/junit/jupiter/junit-jupiter-engine/5.6.3/junit-jupiter-engine-5.6.3.jar:/Users/momoubin/.m2/repository/org/junit/vintage/junit-vintage-engine/5.6.3/junit-vintage-engine-5.6.3.jar:/Users/momoubin/.m2/repository/org/apiguardian/apiguardian-api/1.1.0/apiguardian-api-1.1.0.jar:/Users/momoubin/.m2/repository/org/junit/platform/junit-platform-engine/1.6.3/junit-platform-engine-1.6.3.jar:/Users/momoubin/.m2/repository/junit/junit/4.13.2/junit-4.13.2.jar:/Users/momoubin/.m2/repository/org/mockito/mockito-core/3.3.3/mockito-core-3.3.3.jar:/Users/momoubin/.m2/repository/net/bytebuddy/byte-buddy/1.10.22/byte-buddy-1.10.22.jar:/Users/momoubin/.m2/repository/net/bytebuddy/byte-buddy-agent/1.10.22/byte-buddy-agent-1.10.22.jar:/Users/momoubin/.m2/repository/org/objenesis/objenesis/2.6/objenesis-2.6.jar:/Users/momoubin/.m2/repository/org/mockito/mockito-junit-jupiter/3.3.3/mockito-junit-jupiter-3.3.3.jar:/Users/momoubin/.m2/repository/org/skyscreamer/jsonassert/1.5.0/jsonassert-1.5.0.jar:/Users/momoubin/.m2/repository/com/vaadin/external/google/android-json/0.0.20131108.vaadin1/android-json-0.0.20131108.vaadin1.jar:/Users/momoubin/.m2/repository/org/springframework/spring-core/5.2.15.RELEASE/spring-core-5.2.15.RELEASE.jar:/Users/momoubin/.m2/repository/org/springframework/spring-jcl/5.2.15.RELEASE/spring-jcl-5.2.15.RELEASE.jar:/Users/momoubin/.m2/repository/org/springframework/spring-test/5.2.15.RELEASE/spring-test-5.2.15.RELEASE.jar:/Users/momoubin/.m2/repository/org/xmlunit/xmlunit-core/2.7.0/xmlunit-core-2.7.0.jar:/Users/momoubin/.m2/repository/com/alibaba/cloud/spring-cloud-starter-alibaba-sentinel/2.1.0.RELEASE/spring-cloud-starter-alibaba-sentinel-2.1.0.RELEASE.jar:/Users/momoubin/.m2/repository/com/alibaba/cloud/spring-cloud-alibaba-sentinel/2.1.0.RELEASE/spring-cloud-alibaba-sentinel-2.1.0.RELEASE.jar:/Users/momoubin/.m2/repository/com/alibaba/csp/sentinel-transport-simple-http/1.6.3/sentinel-transport-simple-http-1.6.3.jar:/Users/momoubin/.m2/repository/com/alibaba/csp/sentinel-transport-common/1.6.3/sentinel-transport-common-1.6.3.jar:/Users/momoubin/.m2/repository/com/alibaba/csp/sentinel-datasource-extension/1.6.3/sentinel-datasource-extension-1.6.3.jar:/Users/momoubin/.m2/repository/com/alibaba/fastjson/1.2.56/fastjson-1.2.56.jar:/Users/momoubin/.m2/repository/com/alibaba/csp/sentinel-annotation-aspectj/1.6.3/sentinel-annotation-aspectj-1.6.3.jar:/Users/momoubin/.m2/repository/com/alibaba/csp/sentinel-core/1.6.3/sentinel-core-1.6.3.jar:/Users/momoubin/.m2/repository/org/aspectj/aspectjrt/1.9.6/aspectjrt-1.9.6.jar:/Users/momoubin/.m2/repository/com/alibaba/csp/sentinel-web-servlet/1.6.3/sentinel-web-servlet-1.6.3.jar:/Users/momoubin/.m2/repository/com/alibaba/csp/sentinel-spring-webflux-adapter/1.6.3/sentinel-spring-webflux-adapter-1.6.3.jar:/Users/momoubin/.m2/repository/com/alibaba/csp/sentinel-reactor-adapter/1.6.3/sentinel-reactor-adapter-1.6.3.jar:/Users/momoubin/.m2/repository/com/alibaba/csp/sentinel-parameter-flow-control/1.6.3/sentinel-parameter-flow-control-1.6.3.jar:/Users/momoubin/.m2/repository/com/googlecode/concurrentlinkedhashmap/concurrentlinkedhashmap-lru/1.4.2/concurrentlinkedhashmap-lru-1.4.2.jar:/Users/momoubin/.m2/repository/com/alibaba/csp/sentinel-cluster-server-default/1.6.3/sentinel-cluster-server-default-1.6.3.jar:/Users/momoubin/.m2/repository/com/alibaba/csp/sentinel-cluster-common-default/1.6.3/sentinel-cluster-common-default-1.6.3.jar:/Users/momoubin/.m2/repository/io/netty/netty-handler/4.1.65.Final/netty-handler-4.1.65.Final.jar:/Users/momoubin/.m2/repository/io/netty/netty-common/4.1.65.Final/netty-common-4.1.65.Final.jar:/Users/momoubin/.m2/repository/io/netty/netty-resolver/4.1.65.Final/netty-resolver-4.1.65.Final.jar:/Users/momoubin/.m2/repository/io/netty/netty-buffer/4.1.65.Final/netty-buffer-4.1.65.Final.jar:/Users/momoubin/.m2/repository/io/netty/netty-transport/4.1.65.Final/netty-transport-4.1.65.Final.jar:/Users/momoubin/.m2/repository/io/netty/netty-codec/4.1.65.Final/netty-codec-4.1.65.Final.jar:/Users/momoubin/.m2/repository/com/alibaba/csp/sentinel-cluster-client-default/1.6.3/sentinel-cluster-client-default-1.6.3.jar:/Users/momoubin/.m2/repository/com/alibaba/cloud/spring-cloud-alibaba-sentinel-datasource/2.1.0.RELEASE/spring-cloud-alibaba-sentinel-datasource-2.1.0.RELEASE.jar:/Users/momoubin/.m2/repository/net/bull/javamelody/javamelody-spring-boot-starter/1.88.0/javamelody-spring-boot-starter-1.88.0.jar:/Users/momoubin/.m2/repository/net/bull/javamelody/javamelody-core/1.88.0/javamelody-core-1.88.0.jar:/Users/momoubin/.m2/repository/org/jrobin/jrobin/1.5.9/jrobin-1.5.9.jar:/Users/momoubin/.m2/repository/org/springframework/boot/spring-boot-starter-aop/2.3.11.RELEASE/spring-boot-starter-aop-2.3.11.RELEASE.jar:/Users/momoubin/.m2/repository/org/aspectj/aspectjweaver/1.9.6/aspectjweaver-1.9.6.jar:/Users/momoubin/.m2/repository/org/projectlombok/lombok/1.18.20/lombok-1.18.20.jar:/Users/momoubin/.m2/repository/com/google/guava/guava/20.0/guava-20.0.jar:/Users/momoubin/.m2/repository/org/mybatis/mybatis/3.5.4/mybatis-3.5.4.jar:/Users/momoubin/.m2/repository/org/mybatis/spring/boot/mybatis-spring-boot-starter/2.1.2/mybatis-spring-boot-starter-2.1.2.jar:/Users/momoubin/.m2/repository/org/springframework/boot/spring-boot-starter-jdbc/2.3.11.RELEASE/spring-boot-starter-jdbc-2.3.11.RELEASE.jar:/Users/momoubin/.m2/repository/com/zaxxer/HikariCP/3.4.5/HikariCP-3.4.5.jar:/Users/momoubin/.m2/repository/org/springframework/spring-jdbc/5.2.15.RELEASE/spring-jdbc-5.2.15.RELEASE.jar:/Users/momoubin/.m2/repository/org/springframework/spring-tx/5.2.15.RELEASE/spring-tx-5.2.15.RELEASE.jar:/Users/momoubin/.m2/repository/org/mybatis/spring/boot/mybatis-spring-boot-autoconfigure/2.1.2/mybatis-spring-boot-autoconfigure-2.1.2.jar:/Users/momoubin/.m2/repository/org/mybatis/mybatis-spring/2.0.4/mybatis-spring-2.0.4.jar:/Users/momoubin/.m2/repository/mysql/mysql-connector-java/8.0.23/mysql-connector-java-8.0.23.jar:/Users/momoubin/.m2/repository/com/mchange/c3p0/0.9.5.5/c3p0-0.9.5.5.jar:/Users/momoubin/.m2/repository/com/mchange/mchange-commons-java/0.2.19/mchange-commons-java-0.2.19.jar:/Users/momoubin/.m2/repository/com/github/pagehelper/pagehelper/4.0.3/pagehelper-4.0.3.jar:/Users/momoubin/.m2/repository/com/github/jsqlparser/jsqlparser/0.9.1/jsqlparser-0.9.1.jar:"/>
    <property name="sun.cpu.endian" value="little"/>
    <property name="user.home" value="/Users/momoubin"/>
    <property name="user.language" value="zh"/>
    <property name="java.specification.vendor" value="Oracle Corporation"/>
    <property name="java.home" value="/Library/Java/JavaVirtualMachines/jdk1.8.0_333.jdk/Contents/Home/jre"/>
    <property name="basedir" value="/Users/momoubin/code/tracffic-control"/>
    <property name="file.separator" value="/"/>
    <property name="line.separator" value="&#10;"/>
    <property name="java.vm.specification.vendor" value="Oracle Corporation"/>
    <property name="java.specification.name" value="Java Platform API Specification"/>
    <property name="java.awt.graphicsenv" value="sun.awt.CGraphicsEnvironment"/>
    <property name="surefire.real.class.path" value="/Users/momoubin/code/tracffic-control/target/surefire/surefirebooter1221496499562328446.jar"/>
    <property name="sun.boot.class.path" value="/Library/Java/JavaVirtualMachines/jdk1.8.0_333.jdk/Contents/Home/jre/lib/resources.jar:/Library/Java/JavaVirtualMachines/jdk1.8.0_333.jdk/Contents/Home/jre/lib/rt.jar:/Library/Java/JavaVirtualMachines/jdk1.8.0_333.jdk/Contents/Home/jre/lib/sunrsasign.jar:/Library/Java/JavaVirtualMachines/jdk1.8.0_333.jdk/Contents/Home/jre/lib/jsse.jar:/Library/Java/JavaVirtualMachines/jdk1.8.0_333.jdk/Contents/Home/jre/lib/jce.jar:/Library/Java/JavaVirtualMachines/jdk1.8.0_333.jdk/Contents/Home/jre/lib/charsets.jar:/Library/Java/JavaVirtualMachines/jdk1.8.0_333.jdk/Contents/Home/jre/lib/jfr.jar:/Library/Java/JavaVirtualMachines/jdk1.8.0_333.jdk/Contents/Home/jre/classes"/>
    <property name="sun.management.compiler" value="HotSpot 64-Bit Tiered Compilers"/>
    <property name="java.runtime.version" value="1.8.0_333-b02"/>
    <property name="user.name" value="momoubin"/>
    <property name="path.separator" value=":"/>
    <property name="os.version" value="12.2.1"/>
    <property name="java.endorsed.dirs" value="/Library/Java/JavaVirtualMachines/jdk1.8.0_333.jdk/Contents/Home/jre/lib/endorsed"/>
    <property name="java.runtime.name" value="Java(TM) SE Runtime Environment"/>
    <property name="file.encoding" value="UTF-8"/>
    <property name="java.vm.name" value="Java HotSpot(TM) 64-Bit Server VM"/>
    <property name="localRepository" value="/Users/momoubin/.m2/repository"/>
    <property name="java.vendor.url.bug" value="http://bugreport.sun.com/bugreport/"/>
    <property name="java.io.tmpdir" value="/var/folders/b8/fwgw54js295bnb46n9dwngd00000gn/T/"/>
    <property name="idea.version" value="2021.3.1"/>
    <property name="java.version" value="1.8.0_333"/>
    <property name="user.dir" value="/Users/momoubin/code/tracffic-control"/>
    <property name="os.arch" value="x86_64"/>
    <property name="java.vm.specification.name" value="Java Virtual Machine Specification"/>
    <property name="java.awt.printerjob" value="sun.lwawt.macosx.CPrinterJob"/>
    <property name="sun.os.patch.level" value="unknown"/>
    <property name="java.library.path" value="/Users/momoubin/Library/Java/Extensions:/Library/Java/Extensions:/Network/Library/Java/Extensions:/System/Library/Java/Extensions:/usr/lib/java:."/>
    <property name="java.vm.info" value="mixed mode"/>
    <property name="java.vendor" value="Oracle Corporation"/>
    <property name="java.vm.version" value="25.333-b02"/>
    <property name="java.ext.dirs" value="/Users/momoubin/Library/Java/Extensions:/Library/Java/JavaVirtualMachines/jdk1.8.0_333.jdk/Contents/Home/jre/lib/ext:/Library/Java/Extensions:/Network/Library/Java/Extensions:/System/Library/Java/Extensions:/usr/lib/java"/>
    <property name="sun.io.unicode.encoding" value="UnicodeBig"/>
    <property name="java.class.version" value="52.0"/>
  </properties>
  <testcase name="testCreate" classname="UserDaoTest" time="1.283"/>
  <testcase name="testDelete" classname="UserDaoTest" time="0.021"/>
</testsuite>